<?xml version="1.0" encoding="UTF-8"?>
<testng-results skipped="0" failed="0" ignored="0" total="1" passed="1">
  <reporter-output>
  </reporter-output>
  <suite name="Default suite" duration-ms="22637" started-at="2021-04-11T13:05:45 IST" finished-at="2021-04-11T13:06:07 IST">
    <groups>
    </groups>
    <test name="Default test" duration-ms="22637" started-at="2021-04-11T13:05:45 IST" finished-at="2021-04-11T13:06:07 IST">
      <class name="testCase.SAL65">
        <test-method status="PASS" signature="launchBrowser()[pri:0, instance:testCase.SAL65@23fe1d71]" name="launchBrowser" is-config="true" duration-ms="4307" started-at="2021-04-11T13:05:45 IST" finished-at="2021-04-11T13:05:49 IST">
          <reporter-output>
          </reporter-output>
        </test-method> <!-- launchBrowser -->
        <test-method status="PASS" signature="editServiceTemplates()[pri:0, instance:testCase.SAL65@23fe1d71]" name="editServiceTemplates" duration-ms="18298" started-at="2021-04-11T13:05:49 IST" finished-at="2021-04-11T13:06:07 IST">
          <reporter-output>
          </reporter-output>
        </test-method> <!-- editServiceTemplates -->
      </class> <!-- testCase.SAL65 -->
    </test> <!-- Default test -->
  </suite> <!-- Default suite -->
</testng-results>
